app/build/intermediates/manifest_merge_blame_file/debug/processDebugMainManifest/manifest-merger-blame-debug-report.txt
1<?xml version="1.0" encoding="utf-8"?>
2<manifest xmlns:android="http://schemas.android.com/apk/res/android"
3    package="com.bekalmu.pos"
4    android:versionCode="1"
5    android:versionName="1.0" >
6
7    <uses-sdk
8        android:minSdkVersion="26"
9        android:targetSdkVersion="36" />
10
11    <uses-permission android:name="android.permission.READ_MEDIA_IMAGES" />
11-->src\main\AndroidManifest.xml:4:5-75
11-->src\main\AndroidManifest.xml:4:22-73
12    <uses-permission
12-->src\main\AndroidManifest.xml:5:5-106
13        android:name="android.permission.READ_EXTERNAL_STORAGE"
13-->src\main\AndroidManifest.xml:5:22-77
14        android:maxSdkVersion="32" />
14-->src\main\AndroidManifest.xml:5:78-104
15
16    <permission
16-->[androidx.core:core:1.16.0] AndroidManifest.xml:22:5-24:47
17        android:name="com.bekalmu.pos.DYNAMIC_RECEIVER_NOT_EXPORTED_PERMISSION"
17-->[androidx.core:core:1.16.0] AndroidManifest.xml:23:9-81
18        android:protectionLevel="signature" />
18-->[androidx.core:core:1.16.0] AndroidManifest.xml:24:9-44
19
20    <uses-permission android:name="com.bekalmu.pos.DYNAMIC_RECEIVER_NOT_EXPORTED_PERMISSION" />
20-->[androidx.core:core:1.16.0] AndroidManifest.xml:26:5-97
20-->[androidx.core:core:1.16.0] AndroidManifest.xml:26:22-94
21
22    <application
22-->src\main\AndroidManifest.xml:7:5-90:19
23        android:allowBackup="true"
23-->src\main\AndroidManifest.xml:8:9-35
24        android:appComponentFactory="androidx.core.app.CoreComponentFactory"
24-->[androidx.core:core:1.16.0] AndroidManifest.xml:28:18-86
25        android:debuggable="true"
26        android:extractNativeLibs="false"
27        android:icon="@mipmap/ic_launcher"
27-->src\main\AndroidManifest.xml:9:9-43
28        android:label="@string/app_name"
28-->src\main\AndroidManifest.xml:11:9-41
29        android:roundIcon="@mipmap/ic_launcher_round"
29-->src\main\AndroidManifest.xml:10:9-54
30        android:supportsRtl="true"
30-->src\main\AndroidManifest.xml:12:9-35
31        android:testOnly="true"
32        android:theme="@style/Theme.BekalMuPOS" >
32-->src\main\AndroidManifest.xml:13:9-48
33
34        <!-- SPLASH (LAUNCHER) -->
35        <activity
35-->src\main\AndroidManifest.xml:16:9-24:20
36            android:name="com.bekalmu.pos.ui.splash.SplashActivity"
36-->src\main\AndroidManifest.xml:17:13-53
37            android:exported="true"
37-->src\main\AndroidManifest.xml:18:13-36
38            android:theme="@style/Theme.BekalMuPOS.SplashScreen" >
38-->src\main\AndroidManifest.xml:19:13-65
39            <intent-filter>
39-->src\main\AndroidManifest.xml:20:13-23:29
40                <action android:name="android.intent.action.MAIN" />
40-->src\main\AndroidManifest.xml:21:17-69
40-->src\main\AndroidManifest.xml:21:25-66
41
42                <category android:name="android.intent.category.LAUNCHER" />
42-->src\main\AndroidManifest.xml:22:17-77
42-->src\main\AndroidManifest.xml:22:27-74
43            </intent-filter>
44        </activity>
45
46        <!-- LOGIN -->
47        <activity
47-->src\main\AndroidManifest.xml:27:9-30:58
48            android:name="com.bekalmu.pos.ui.login.LoginActivity"
48-->src\main\AndroidManifest.xml:28:13-51
49            android:exported="false"
49-->src\main\AndroidManifest.xml:29:13-37
50            android:windowSoftInputMode="adjustResize" />
50-->src\main\AndroidManifest.xml:30:13-55
51
52        <!-- MAIN (Host Bottom Nav) -->
53        <activity
53-->src\main\AndroidManifest.xml:33:9-36:58
54            android:name="com.bekalmu.pos.ui.home.MainActivity"
54-->src\main\AndroidManifest.xml:34:13-49
55            android:exported="false"
55-->src\main\AndroidManifest.xml:35:13-37
56            android:windowSoftInputMode="adjustResize" />
56-->src\main\AndroidManifest.xml:36:13-55
57
58        <!-- STRUK / TANDA TERIMA -->
59        <activity
59-->src\main\AndroidManifest.xml:39:9-41:40
60            android:name="com.bekalmu.pos.ui.kasir.StrukActivity"
60-->src\main\AndroidManifest.xml:40:13-51
61            android:exported="false" />
61-->src\main\AndroidManifest.xml:41:13-37
62
63        <!-- INVENTORI -->
64        <activity
64-->src\main\AndroidManifest.xml:44:9-47:66
65            android:name="com.bekalmu.pos.ui.inventori.InventoriActivity"
65-->src\main\AndroidManifest.xml:45:13-59
66            android:exported="false"
66-->src\main\AndroidManifest.xml:46:13-37
67            android:parentActivityName="com.bekalmu.pos.ui.home.MainActivity" />
67-->src\main\AndroidManifest.xml:47:13-63
68        <activity
68-->src\main\AndroidManifest.xml:49:9-53:76
69            android:name="com.bekalmu.pos.ui.inventori.TambahProdukActivity"
69-->src\main\AndroidManifest.xml:50:13-62
70            android:exported="false"
70-->src\main\AndroidManifest.xml:51:13-37
71            android:parentActivityName="com.bekalmu.pos.ui.inventori.InventoriActivity"
71-->src\main\AndroidManifest.xml:53:13-73
72            android:windowSoftInputMode="adjustResize" />
72-->src\main\AndroidManifest.xml:52:13-55
73
74        <!-- TRANSAKSI -->
75        <activity
75-->src\main\AndroidManifest.xml:56:9-59:66
76            android:name="com.bekalmu.pos.ui.transaksi.TransaksiActivity"
76-->src\main\AndroidManifest.xml:57:13-59
77            android:exported="false"
77-->src\main\AndroidManifest.xml:58:13-37
78            android:parentActivityName="com.bekalmu.pos.ui.home.MainActivity" />
78-->src\main\AndroidManifest.xml:59:13-63
79        <activity
79-->src\main\AndroidManifest.xml:61:9-64:76
80            android:name="com.bekalmu.pos.ui.transaksi.DetailTransaksiActivity"
80-->src\main\AndroidManifest.xml:62:13-65
81            android:exported="false"
81-->src\main\AndroidManifest.xml:63:13-37
82            android:parentActivityName="com.bekalmu.pos.ui.transaksi.TransaksiActivity" />
82-->src\main\AndroidManifest.xml:64:13-73
83
84        <!-- KAS -->
85        <activity
85-->src\main\AndroidManifest.xml:67:9-70:66
86            android:name="com.bekalmu.pos.ui.kas.KasActivity"
86-->src\main\AndroidManifest.xml:68:13-47
87            android:exported="false"
87-->src\main\AndroidManifest.xml:69:13-37
88            android:parentActivityName="com.bekalmu.pos.ui.home.MainActivity" />
88-->src\main\AndroidManifest.xml:70:13-63
89        <activity
89-->src\main\AndroidManifest.xml:72:9-76:64
90            android:name="com.bekalmu.pos.ui.kas.CatatKasActivity"
90-->src\main\AndroidManifest.xml:73:13-52
91            android:exported="false"
91-->src\main\AndroidManifest.xml:74:13-37
92            android:parentActivityName="com.bekalmu.pos.ui.kas.KasActivity"
92-->src\main\AndroidManifest.xml:76:13-61
93            android:windowSoftInputMode="adjustResize" />
93-->src\main\AndroidManifest.xml:75:13-55
94
95        <!-- LAPORAN (standalone, dari StrukActivity) -->
96        <activity
96-->src\main\AndroidManifest.xml:79:9-82:66
97            android:name="com.bekalmu.pos.ui.laporan.LaporanActivity"
97-->src\main\AndroidManifest.xml:80:13-55
98            android:exported="false"
98-->src\main\AndroidManifest.xml:81:13-37
99            android:parentActivityName="com.bekalmu.pos.ui.home.MainActivity" />
99-->src\main\AndroidManifest.xml:82:13-63
100
101        <!-- PENGATURAN -->
102        <activity
102-->src\main\AndroidManifest.xml:85:9-88:66
103            android:name="com.bekalmu.pos.ui.pengaturan.PengaturanActivity"
103-->src\main\AndroidManifest.xml:86:13-61
104            android:exported="false"
104-->src\main\AndroidManifest.xml:87:13-37
105            android:parentActivityName="com.bekalmu.pos.ui.home.MainActivity" />
105-->src\main\AndroidManifest.xml:88:13-63
106
107        <provider
107-->[androidx.emoji2:emoji2:1.3.0] AndroidManifest.xml:24:9-32:20
108            android:name="androidx.startup.InitializationProvider"
108-->[androidx.emoji2:emoji2:1.3.0] AndroidManifest.xml:25:13-67
109            android:authorities="com.bekalmu.pos.androidx-startup"
109-->[androidx.emoji2:emoji2:1.3.0] AndroidManifest.xml:26:13-68
110            android:exported="false" >
110-->[androidx.emoji2:emoji2:1.3.0] AndroidManifest.xml:27:13-37
111            <meta-data
111-->[androidx.emoji2:emoji2:1.3.0] AndroidManifest.xml:29:13-31:52
112                android:name="androidx.emoji2.text.EmojiCompatInitializer"
112-->[androidx.emoji2:emoji2:1.3.0] AndroidManifest.xml:30:17-75
113                android:value="androidx.startup" />
113-->[androidx.emoji2:emoji2:1.3.0] AndroidManifest.xml:31:17-49
114            <meta-data
114-->[androidx.lifecycle:lifecycle-process:2.9.0] AndroidManifest.xml:29:13-31:52
115                android:name="androidx.lifecycle.ProcessLifecycleInitializer"
115-->[androidx.lifecycle:lifecycle-process:2.9.0] AndroidManifest.xml:30:17-78
116                android:value="androidx.startup" />
116-->[androidx.lifecycle:lifecycle-process:2.9.0] AndroidManifest.xml:31:17-49
117            <meta-data
117-->[androidx.profileinstaller:profileinstaller:1.4.0] AndroidManifest.xml:29:13-31:52
118                android:name="androidx.profileinstaller.ProfileInstallerInitializer"
118-->[androidx.profileinstaller:profileinstaller:1.4.0] AndroidManifest.xml:30:17-85
119                android:value="androidx.startup" />
119-->[androidx.profileinstaller:profileinstaller:1.4.0] AndroidManifest.xml:31:17-49
120        </provider>
121
122        <uses-library
122-->[androidx.window:window:1.0.0] AndroidManifest.xml:25:9-27:40
123            android:name="androidx.window.extensions"
123-->[androidx.window:window:1.0.0] AndroidManifest.xml:26:13-54
124            android:required="false" />
124-->[androidx.window:window:1.0.0] AndroidManifest.xml:27:13-37
125        <uses-library
125-->[androidx.window:window:1.0.0] AndroidManifest.xml:28:9-30:40
126            android:name="androidx.window.sidecar"
126-->[androidx.window:window:1.0.0] AndroidManifest.xml:29:13-51
127            android:required="false" />
127-->[androidx.window:window:1.0.0] AndroidManifest.xml:30:13-37
128
129        <service
129-->[androidx.room:room-runtime-android:2.7.1] AndroidManifest.xml:24:9-28:63
130            android:name="androidx.room.MultiInstanceInvalidationService"
130-->[androidx.room:room-runtime-android:2.7.1] AndroidManifest.xml:25:13-74
131            android:directBootAware="true"
131-->[androidx.room:room-runtime-android:2.7.1] AndroidManifest.xml:26:13-43
132            android:exported="false" />
132-->[androidx.room:room-runtime-android:2.7.1] AndroidManifest.xml:27:13-37
133
134        <receiver
134-->[androidx.profileinstaller:profileinstaller:1.4.0] AndroidManifest.xml:34:9-52:20
135            android:name="androidx.profileinstaller.ProfileInstallReceiver"
135-->[androidx.profileinstaller:profileinstaller:1.4.0] AndroidManifest.xml:35:13-76
136            android:directBootAware="false"
136-->[androidx.profileinstaller:profileinstaller:1.4.0] AndroidManifest.xml:36:13-44
137            android:enabled="true"
137-->[androidx.profileinstaller:profileinstaller:1.4.0] AndroidManifest.xml:37:13-35
138            android:exported="true"
138-->[androidx.profileinstaller:profileinstaller:1.4.0] AndroidManifest.xml:38:13-36
139            android:permission="android.permission.DUMP" >
139-->[androidx.profileinstaller:profileinstaller:1.4.0] AndroidManifest.xml:39:13-57
140            <intent-filter>
140-->[androidx.profileinstaller:profileinstaller:1.4.0] AndroidManifest.xml:40:13-42:29
141                <action android:name="androidx.profileinstaller.action.INSTALL_PROFILE" />
141-->[androidx.profileinstaller:profileinstaller:1.4.0] AndroidManifest.xml:41:17-91
141-->[androidx.profileinstaller:profileinstaller:1.4.0] AndroidManifest.xml:41:25-88
142            </intent-filter>
143            <intent-filter>
143-->[androidx.profileinstaller:profileinstaller:1.4.0] AndroidManifest.xml:43:13-45:29
144                <action android:name="androidx.profileinstaller.action.SKIP_FILE" />
144-->[androidx.profileinstaller:profileinstaller:1.4.0] AndroidManifest.xml:44:17-85
144-->[androidx.profileinstaller:profileinstaller:1.4.0] AndroidManifest.xml:44:25-82
145            </intent-filter>
146            <intent-filter>
146-->[androidx.profileinstaller:profileinstaller:1.4.0] AndroidManifest.xml:46:13-48:29
147                <action android:name="androidx.profileinstaller.action.SAVE_PROFILE" />
147-->[androidx.profileinstaller:profileinstaller:1.4.0] AndroidManifest.xml:47:17-88
147-->[androidx.profileinstaller:profileinstaller:1.4.0] AndroidManifest.xml:47:25-85
148            </intent-filter>
149            <intent-filter>
149-->[androidx.profileinstaller:profileinstaller:1.4.0] AndroidManifest.xml:49:13-51:29
150                <action android:name="androidx.profileinstaller.action.BENCHMARK_OPERATION" />
150-->[androidx.profileinstaller:profileinstaller:1.4.0] AndroidManifest.xml:50:17-95
150-->[androidx.profileinstaller:profileinstaller:1.4.0] AndroidManifest.xml:50:25-92
151            </intent-filter>
152        </receiver>
153    </application>
154
155</manifest>